analyzing A
A,0.637213726757,[day","state]
A,0.639134180487,[day","group_size]
A,0.639134180487,[day","homeowner]
A,0.707696173451,[day","car_age]
A,0.884413812908,[day","previous]
A,0.884413812908,[state","previous]
A,0.884413812908,[group_size","previous]
A,0.884413812908,[homeowner","previous]
A,0.884413812908,[car_age","previous]
A,0.884413812908,[age_oldest","previous]
A,0.884413812908,[age_youngest","previous]
A,0.884413812908,[married_couple","previous]
A,0.884413812908,[C_previous","previous]
A,0.884413812908,[day","state","previous]
A,0.884413812908,[day","group_size","previous]
A,0.884413812908,[day","homeowner","previous]
A,0.884413812908,[day","car_age","previous]
A,0.884413812908,[day","age_oldest","previous]
A,0.884413812908,[day","age_youngest","previous]
A,0.884413812908,[day","married_couple","previous]
A,0.884413812908,[day","C_previous","previous]
A,0.884413812908,[state","group_size","previous]
A,0.884413812908,[state","homeowner","previous]
A,0.884413812908,[state","car_age","previous]
A,0.884413812908,[state","age_oldest","previous]
A,0.884413812908,[state","age_youngest","previous]
A,0.884413812908,[state","married_couple","previous]
A,0.884413812908,[state","C_previous","previous]
A,0.884413812908,[group_size","homeowner","previous]
A,0.884413812908,[group_size","car_age","previous]
A,0.884413812908,[group_size","age_oldest","previous]
A,0.884413812908,[group_size","age_youngest","previous]
A,0.884413812908,[group_size","married_couple","previous]
A,0.884413812908,[group_size","C_previous","previous]
A,0.884413812908,[homeowner","car_age","previous]
A,0.884413812908,[homeowner","age_oldest","previous]
A,0.884413812908,[homeowner","age_youngest","previous]
A,0.884413812908,[homeowner","married_couple","previous]
A,0.884413812908,[homeowner","C_previous","previous]
A,0.884413812908,[car_age","age_oldest","previous]
A,0.884413812908,[car_age","age_youngest","previous]
A,0.884413812908,[car_age","married_couple","previous]
A,0.884413812908,[car_age","C_previous","previous]
A,0.884413812908,[age_oldest","age_youngest","previous]
A,0.884413812908,[age_oldest","married_couple","previous]
A,0.884413812908,[age_oldest","C_previous","previous]
A,0.884413812908,[age_youngest","married_couple","previous]
A,0.884413812908,[age_youngest","C_previous","previous]
A,0.884413812908,[married_couple","C_previous","previous]
A,0.884413812908,[day","state","group_size","previous]
A,0.884413812908,[day","state","homeowner","previous]
A,0.884413812908,[day","state","car_age","previous]
A,0.884413812908,[day","state","age_oldest","previous]
A,0.884413812908,[day","state","age_youngest","previous]
A,0.884413812908,[day","state","married_couple","previous]
A,0.884413812908,[day","state","C_previous","previous]
A,0.884413812908,[day","group_size","homeowner","previous]
A,0.884413812908,[day","group_size","car_age","previous]
A,0.884413812908,[day","group_size","age_oldest","previous]
A,0.884413812908,[day","group_size","age_youngest","previous]
A,0.884413812908,[day","group_size","married_couple","previous]
A,0.884413812908,[day","group_size","C_previous","previous]
A,0.884413812908,[day","homeowner","car_age","previous]
A,0.884413812908,[day","homeowner","age_oldest","previous]
A,0.884413812908,[day","homeowner","age_youngest","previous]
A,0.884413812908,[day","homeowner","married_couple","previous]
A,0.884413812908,[day","homeowner","C_previous","previous]
A,0.884413812908,[day","car_age","age_oldest","previous]
A,0.884413812908,[day","car_age","age_youngest","previous]
A,0.884413812908,[day","car_age","married_couple","previous]
A,0.884413812908,[day","car_age","C_previous","previous]
A,0.884413812908,[day","age_oldest","age_youngest","previous]
A,0.884413812908,[day","age_oldest","married_couple","previous]
A,0.884413812908,[day","age_oldest","C_previous","previous]
A,0.884413812908,[day","age_youngest","married_couple","previous]
A,0.884413812908,[day","age_youngest","C_previous","previous]
A,0.884413812908,[day","married_couple","C_previous","previous]
A,0.884413812908,[state","group_size","homeowner","previous]
A,0.88